<?xml version="1.0" encoding="UTF-8"?>
<testsuite xmlns:xsi="http://www.w3.org/2001/XMLSchema-instance" xsi:noNamespaceSchemaLocation="https://maven.apache.org/surefire/maven-surefire-plugin/xsd/surefire-test-report-3.0.xsd" version="3.0" name="testRunner.TestRunner" time="41.527" tests="5" errors="0" skipped="0" failures="1">
  <properties>
[...]
</properties>
  <testcase name="runScenario[&quot;Login Data Driven&quot;, &quot;Optional[Login]&quot;](1)" classname="testRunner.TestRunner" time="10.866">
    <system-out><![CDATA[
@SmokeTest
Scenario Outline: Login Data Driven                                        &amp#27;[90m# src/test/resources/Login.feature:25&amp#27;[0m

@SmokeTest
Scenario: Successful Login with Valid Credentials                          &amp#27;[90m# src/test/resources/Login.feature:4&amp#27;[0m

@SmokeTest
Scenario Outline: Login Data Driven                                        &amp#27;[90m# src/test/resources/Login.feature:26&amp#27;[0m

@SmokeTest
Scenario: Add a new Customer                                                 &amp#27;[90m# src/test/resources/Customers.feature:9&amp#27;[0m

@SmokeTest
Scenario: Search Customer by using Email id                                                &amp#27;[90m# src/test/resources/Customers.feature:16&amp#27;[0m
  &amp#27;[32mGiven &amp#27;[0m&amp#27;[32mUser Launch Chrome browser&amp#27;[0m                                         &amp#27;[90m# stepDefinitions.LoginSteps.user_launch_chrome_browser()&amp#27;[0m
  &amp#27;[32mGiven &amp#27;[0m&amp#27;[32mUser Launch Chrome browser&amp#27;[0m                                           &amp#27;[90m# stepDefinitions.LoginSteps.user_launch_chrome_browser()&amp#27;[0m
  &amp#27;[32mGiven &amp#27;[0m&amp#27;[32mUser Launch Chrome browser&amp#27;[0m                                         &amp#27;[90m# stepDefinitions.LoginSteps.user_launch_chrome_browser()&amp#27;[0m
  &amp#27;[32mWhen &amp#27;[0m&amp#27;[32mUser opens URL &amp#27;[0m&amp#27;[32m&amp#27;[1m"http://admin-demo.nopcommerce.com/login"&amp#27;[0m            &amp#27;[90m# stepDefinitions.LoginSteps.user_opens_url(java.lang.String)&amp#27;[0m
  &amp#27;[32mWhen &amp#27;[0m&amp#27;[32mUser opens URL &amp#27;[0m&amp#27;[32m&amp#27;[1m"http://admin-demo.nopcommerce.com/login"&amp#27;[0m              &amp#27;[90m# stepDefinitions.LoginSteps.user_opens_url(java.lang.String)&amp#27;[0m
  &amp#27;[32mWhen &amp#27;[0m&amp#27;[32mUser opens URL &amp#27;[0m&amp#27;[32m&amp#27;[1m"http://admin-demo.nopcommerce.com/login"&amp#27;[0m            &amp#27;[90m# stepDefinitions.LoginSteps.user_opens_url(java.lang.String)&amp#27;[0m
  &amp#27;[32mAnd &amp#27;[0m&amp#27;[32muser enters Email as &amp#27;[0m&amp#27;[32m&amp#27;[1m"admin@yourstore.com"&amp#27;[0m&amp#27;[32m and password as &amp#27;[0m&amp#27;[32m&amp#27;[1m"admin"&amp#27;[0m   &amp#27;[90m# stepDefinitions.LoginSteps.user_enters_email_as_and_password_as(java.lang.String,java.lang.String)&amp#27;[0m
  &amp#27;[32mThen &amp#27;[0m&amp#27;[32mPage Title should be &amp#27;[0m&amp#27;[32m&amp#27;[1m"Dashboard"&amp#27;[0m                                    &amp#27;[90m# stepDefinitions.LoginSteps.page_title_should_be(java.lang.String)&amp#27;[0m
  &amp#27;[32mAnd &amp#27;[0m&amp#27;[32muser enters Email as &amp#27;[0m&amp#27;[32m&amp#27;[1m"admin@yourstore.com"&amp#27;[0m&amp#27;[32m and password as &amp#27;[0m&amp#27;[32m&amp#27;[1m"admin"&amp#27;[0m   &amp#27;[90m# stepDefinitions.LoginSteps.user_enters_email_as_and_password_as(java.lang.String,java.lang.String)&amp#27;[0m
  &amp#27;[32mAnd &amp#27;[0m&amp#27;[32muser enters Email as &amp#27;[0m&amp#27;[32m&amp#27;[1m"admin@yourstore.com"&amp#27;[0m&amp#27;[32m and password as &amp#27;[0m&amp#27;[32m&amp#27;[1m"admin"&amp#27;[0m     &amp#27;[90m# stepDefinitions.LoginSteps.user_enters_email_as_and_password_as(java.lang.String,java.lang.String)&amp#27;[0m
  &amp#27;[32mWhen &amp#27;[0m&amp#27;[32mUser click on Log out link&amp#27;[0m                                          &amp#27;[90m# stepDefinitions.LoginSteps.user_click_on_log_out_link()&amp#27;[0m
  &amp#27;[32mThen &amp#27;[0m&amp#27;[32mPage Title should be &amp#27;[0m&amp#27;[32m&amp#27;[1m"Dashboard"&amp#27;[0m                                      &amp#27;[90m# stepDefinitions.LoginSteps.page_title_should_be(java.lang.String)&amp#27;[0m
  &amp#27;[32mThen &amp#27;[0m&amp#27;[32mUser navigate to Login Page and Title should be &amp#27;[0m&amp#27;[32m&amp#27;[1m"Your store. Login"&amp#27;[0m &amp#27;[90m# stepDefinitions.LoginSteps.user_navigate_to_login_page_and_title_should_be(java.lang.String)&amp#27;[0m
  &amp#27;[32mThen &amp#27;[0m&amp#27;[32mPage Title should be &amp#27;[0m&amp#27;[32m&amp#27;[1m"Dashboard"&amp#27;[0m                                    &amp#27;[90m# stepDefinitions.LoginSteps.page_title_should_be(java.lang.String)&amp#27;[0m
  &amp#27;[32mAnd &amp#27;[0m&amp#27;[32mclose browser&amp#27;[0m                                                        &amp#27;[90m# stepDefinitions.LoginSteps.close_browser()&amp#27;[0m
]]></system-out>
    <system-err><![CDATA[Jan 06, 2022 7:44:50 AM org.openqa.selenium.remote.DesiredCapabilities chrome
INFO: Using `new ChromeOptions()` is preferred to `DesiredCapabilities.chrome()`
Jan 06, 2022 7:44:50 AM org.openqa.selenium.remote.DesiredCapabilities chrome
INFO: Using `new ChromeOptions()` is preferred to `DesiredCapabilities.chrome()`
Jan 06, 2022 7:44:50 AM org.openqa.selenium.remote.DesiredCapabilities chrome
INFO: Using `new ChromeOptions()` is preferred to `DesiredCapabilities.chrome()`
Jan 06, 2022 7:44:50 AM org.openqa.selenium.remote.DesiredCapabilities chrome
INFO: Using `new ChromeOptions()` is preferred to `DesiredCapabilities.chrome()`
Jan 06, 2022 7:44:50 AM org.openqa.selenium.remote.DesiredCapabilities chrome
INFO: Using `new ChromeOptions()` is preferred to `DesiredCapabilities.chrome()`
Jan 06, 2022 7:44:55 AM org.openqa.selenium.remote.ProtocolHandshake createSession
INFO: Detected dialect: OSS
Jan 06, 2022 7:44:55 AM org.openqa.selenium.remote.ProtocolHandshake createSession
INFO: Detected dialect: OSS
Jan 06, 2022 7:44:56 AM org.openqa.selenium.remote.ProtocolHandshake createSession
INFO: Detected dialect: OSS
]]></system-err>
  </testcase>
  <testcase name="runScenario[&quot;Login Data Driven&quot;, &quot;Optional[Login]&quot;](2)" classname="testRunner.TestRunner" time="13.888">
    <system-out><![CDATA[  &amp#27;[32mWhen &amp#27;[0m&amp#27;[32mUser click on Log out link&amp#27;[0m                                          &amp#27;[90m# stepDefinitions.LoginSteps.user_click_on_log_out_link()&amp#27;[0m
  &amp#27;[32mThen &amp#27;[0m&amp#27;[32mUser navigate to Login Page and Title should be &amp#27;[0m&amp#27;[32m&amp#27;[1m"Your store. Login"&amp#27;[0m &amp#27;[90m# stepDefinitions.LoginSteps.user_navigate_to_login_page_and_title_should_be(java.lang.String)&amp#27;[0m
  &amp#27;[32mAnd &amp#27;[0m&amp#27;[32mclose browser&amp#27;[0m                                                        &amp#27;[90m# stepDefinitions.LoginSteps.close_browser()&amp#27;[0m
]]></system-out>
  </testcase>
  <testcase name="runScenario[&quot;Add a new Customer&quot;, &quot;Optional[Customers]&quot;](3)" classname="testRunner.TestRunner" time="21.896">
    <system-out><![CDATA[  &amp#27;[32mWhen &amp#27;[0m&amp#27;[32mUser click on Customers main Menu and click on Customers sub menu&amp#27;[0m     &amp#27;[90m# stepDefinitions.LoginSteps.user_click_on_customers_main_menu_and_click_on_customers_sub_menu()&amp#27;[0m
  &amp#27;[32mThen &amp#27;[0m&amp#27;[32mclick on Add new Customer Page and User can view Add customer page&amp#27;[0m    &amp#27;[90m# stepDefinitions.LoginSteps.click_on_add_new_customer_page_and_user_can_view_add_customer_page()&amp#27;[0m
  &amp#27;[32mAnd &amp#27;[0m&amp#27;[32mVerify Success Message &amp#27;[0m&amp#27;[32m&amp#27;[1m"The new customer has been added successfully."&amp#27;[0m &amp#27;[90m# stepDefinitions.LoginSteps.verify_Success_Message(java.lang.String)&amp#27;[0m
  &amp#27;[32mAnd &amp#27;[0m&amp#27;[32mclose browser&amp#27;[0m                                                          &amp#27;[90m# stepDefinitions.LoginSteps.close_browser()&amp#27;[0m
]]></system-out>
  </testcase>
  <testcase name="runScenario[&quot;Successful Login with Valid Credentials&quot;, &quot;Optional[Login]&quot;](4)" classname="testRunner.TestRunner" time="33.65">
    <system-out><![CDATA[  &amp#27;[32mGiven &amp#27;[0m&amp#27;[32mUser Launch Chrome browser&amp#27;[0m                                                         &amp#27;[90m# stepDefinitions.LoginSteps.user_launch_chrome_browser()&amp#27;[0m
  &amp#27;[32mWhen &amp#27;[0m&amp#27;[32mUser opens URL &amp#27;[0m&amp#27;[32m&amp#27;[1m"http://admin-demo.nopcommerce.com/login"&amp#27;[0m                            &amp#27;[90m# stepDefinitions.LoginSteps.user_opens_url(java.lang.String)&amp#27;[0m
  &amp#27;[32mGiven &amp#27;[0m&amp#27;[32mUser Launch Chrome browser&amp#27;[0m                                         &amp#27;[90m# stepDefinitions.LoginSteps.user_launch_chrome_browser()&amp#27;[0m
  &amp#27;[32mWhen &amp#27;[0m&amp#27;[32mUser opens URL &amp#27;[0m&amp#27;[32m&amp#27;[1m"http://admin-demo.nopcommerce.com/login"&amp#27;[0m            &amp#27;[90m# stepDefinitions.LoginSteps.user_opens_url(java.lang.String)&amp#27;[0m
  &amp#27;[32mAnd &amp#27;[0m&amp#27;[32muser enters Email as &amp#27;[0m&amp#27;[32m&amp#27;[1m"admin@yourstore.com"&amp#27;[0m&amp#27;[32m and password as &amp#27;[0m&amp#27;[32m&amp#27;[1m"admin"&amp#27;[0m   &amp#27;[90m# stepDefinitions.LoginSteps.user_enters_email_as_and_password_as(java.lang.String,java.lang.String)&amp#27;[0m
  &amp#27;[32mThen &amp#27;[0m&amp#27;[32mPage Title should be &amp#27;[0m&amp#27;[32m&amp#27;[1m"Dashboard"&amp#27;[0m                                    &amp#27;[90m# stepDefinitions.LoginSteps.page_title_should_be(java.lang.String)&amp#27;[0m
  &amp#27;[32mAnd &amp#27;[0m&amp#27;[32muser enters Email as &amp#27;[0m&amp#27;[32m&amp#27;[1m"admin@yourstore.com"&amp#27;[0m&amp#27;[32m and password as &amp#27;[0m&amp#27;[32m&amp#27;[1m"admin"&amp#27;[0m                   &amp#27;[90m# stepDefinitions.LoginSteps.user_enters_email_as_and_password_as(java.lang.String,java.lang.String)&amp#27;[0m
  &amp#27;[32mThen &amp#27;[0m&amp#27;[32mPage Title should be &amp#27;[0m&amp#27;[32m&amp#27;[1m"Dashboard"&amp#27;[0m                                                    &amp#27;[90m# stepDefinitions.LoginSteps.page_title_should_be(java.lang.String)&amp#27;[0m
  &amp#27;[32mWhen &amp#27;[0m&amp#27;[32mUser click on Log out link&amp#27;[0m                                          &amp#27;[90m# stepDefinitions.LoginSteps.user_click_on_log_out_link()&amp#27;[0m
  &amp#27;[32mThen &amp#27;[0m&amp#27;[32mUser navigate to Login Page and Title should be &amp#27;[0m&amp#27;[32m&amp#27;[1m"Your store. Login"&amp#27;[0m &amp#27;[90m# stepDefinitions.LoginSteps.user_navigate_to_login_page_and_title_should_be(java.lang.String)&amp#27;[0m
  &amp#27;[32mAnd &amp#27;[0m&amp#27;[32mclose browser&amp#27;[0m                                                        &amp#27;[90m# stepDefinitions.LoginSteps.close_browser()&amp#27;[0m
]]></system-out>
    <system-err><![CDATA[Jan 06, 2022 7:45:12 AM org.openqa.selenium.remote.ProtocolHandshake createSession
INFO: Detected dialect: OSS
Jan 06, 2022 7:45:14 AM org.openqa.selenium.remote.ProtocolHandshake createSession
INFO: Detected dialect: OSS
]]></system-err>
  </testcase>
  <testcase name="runScenario[&quot;Search Customer by using Email id&quot;, &quot;Optional[Customers]&quot;](5)" classname="testRunner.TestRunner" time="40.859">
    <failure message="no such element: Unable to locate element: {&quot;method&quot;:&quot;xpath&quot;,&quot;selector&quot;:&quot;//table[@id=&apos;customers-grid&apos;]//tbody//tr//td[2]&quot;}&#10;  (Session info: chrome=96.0.4664.45)&#10;  (Driver info: chromedriver=96.0.4664.45 (76e4c1bb2ab4671b8beba3444e61c0f17584b2fc-refs/branch-heads/4664@{#947}),platform=Windows NT 6.1.7601 SP1 x86_64) (WARNING: The server did not provide any stacktrace information)&#10;Command duration or timeout: 0 milliseconds&#10;For documentation on this error, please visit: https://www.seleniumhq.org/exceptions/no_such_element.html&#10;Build info: version: &apos;3.141.59&apos;, revision: &apos;e82be7d358&apos;, time: &apos;2018-11-14T08:17:03&apos;&#10;System info: host: &apos;DESKTOP-M9IMSJT&apos;, ip: &apos;192.168.1.162&apos;, os.name: &apos;Windows 10&apos;, os.arch: &apos;amd64&apos;, os.version: &apos;10.0&apos;, java.version: &apos;17.0.1&apos;&#10;Driver info: org.openqa.selenium.remote.RemoteWebDriver&#10;Capabilities {acceptInsecureCerts: false, acceptSslCerts: false, applicationCacheEnabled: false, browserConnectionEnabled: false, browserName: chrome, chrome: {chromedriverVersion: 96.0.4664.45 (76e4c1bb2ab46..., userDataDir: C:\Users\ADMINI~1\AppData\L...}, cssSelectorsEnabled: true, databaseEnabled: false, goog:chromeOptions: {debuggerAddress: localhost:49217}, handlesAlerts: true, hasMetadata: true, hasTouchScreen: false, javascriptEnabled: true, locationContextEnabled: true, mobileEmulationEnabled: false, nativeEvents: true, networkConnectionEnabled: false, pageLoadStrategy: normal, platform: WINDOWS, platformName: WINDOWS, proxy: Proxy(), rotatable: false, setWindowRect: true, strictFileInteractability: false, takesHeapSnapshot: true, takesScreenshot: true, timeouts: {implicit: 0, pageLoad: 300000, script: 30000}, unexpectedAlertBehaviour: ignore, unhandledPromptBehavior: ignore, version: 96.0.4664.45, webStorageEnabled: true, webauthn:extension:credBlob: true, webauthn:extension:largeBlob: true, webauthn:virtualAuthenticators: true, webdriver.remote.sessionid: db079ea4bce3437fbf60fb6a049...}&#10;Session ID: db079ea4bce3437fbf60fb6a0493f9ba&#10;*** Element info: {Using=xpath, value=//table[@id=&apos;customers-grid&apos;]//tbody//tr//td[2]}" type="org.openqa.selenium.NoSuchElementException"><![CDATA[org.openqa.selenium.NoSuchElementException: 
no such element: Unable to locate element: {"method":"xpath","selector":"//table[@id='customers-grid']//tbody//tr//td[2]"}
  (Session info: chrome=96.0.4664.45)
  (Driver info: chromedriver=96.0.4664.45 (76e4c1bb2ab4671b8beba3444e61c0f17584b2fc-refs/branch-heads/4664@{#947}),platform=Windows NT 6.1.7601 SP1 x86_64) (WARNING: The server did not provide any stacktrace information)
Command duration or timeout: 0 milliseconds
For documentation on this error, please visit: https://www.seleniumhq.org/exceptions/no_such_element.html
Build info: version: '3.141.59', revision: 'e82be7d358', time: '2018-11-14T08:17:03'
System info: host: 'DESKTOP-M9IMSJT', ip: '192.168.1.162', os.name: 'Windows 10', os.arch: 'amd64', os.version: '10.0', java.version: '17.0.1'
Driver info: org.openqa.selenium.remote.RemoteWebDriver
Capabilities {acceptInsecureCerts: false, acceptSslCerts: false, applicationCacheEnabled: false, browserConnectionEnabled: false, browserName: chrome, chrome: {chromedriverVersion: 96.0.4664.45 (76e4c1bb2ab46..., userDataDir: C:\Users\ADMINI~1\AppData\L...}, cssSelectorsEnabled: true, databaseEnabled: false, goog:chromeOptions: {debuggerAddress: localhost:49217}, handlesAlerts: true, hasMetadata: true, hasTouchScreen: false, javascriptEnabled: true, locationContextEnabled: true, mobileEmulationEnabled: false, nativeEvents: true, networkConnectionEnabled: false, pageLoadStrategy: normal, platform: WINDOWS, platformName: WINDOWS, proxy: Proxy(), rotatable: false, setWindowRect: true, strictFileInteractability: false, takesHeapSnapshot: true, takesScreenshot: true, timeouts: {implicit: 0, pageLoad: 300000, script: 30000}, unexpectedAlertBehaviour: ignore, unhandledPromptBehavior: ignore, version: 96.0.4664.45, webStorageEnabled: true, webauthn:extension:credBlob: true, webauthn:extension:largeBlob: true, webauthn:virtualAuthenticators: true, webdriver.remote.sessionid: db079ea4bce3437fbf60fb6a049...}
Session ID: db079ea4bce3437fbf60fb6a0493f9ba
*** Element info: {Using=xpath, value=//table[@id='customers-grid']//tbody//tr//td[2]}
]]></failure>
    <system-out><![CDATA[  &amp#27;[32mWhen &amp#27;[0m&amp#27;[32mUser click on Customers main Menu and click on Customers sub menu in Dashboard Page&amp#27;[0m &amp#27;[90m# stepDefinitions.LoginSteps.clickCustomers()&amp#27;[0m
  &amp#27;[32mAnd &amp#27;[0m&amp#27;[32mEnter Customer Mail and click on search button&amp#27;[0m                                       &amp#27;[90m# stepDefinitions.LoginSteps.enter_customer_mail_and_click_on_search_button()&amp#27;[0m
  &amp#27;[31mThen &amp#27;[0m&amp#27;[31mUser should found email in Search table&amp#27;[0m                                             &amp#27;[90m# stepDefinitions.LoginSteps.user_should_found_email_in_search_table()&amp#27;[0m
      &amp#27;[31morg.openqa.selenium.NoSuchElementException: no such element: Unable to locate element: {"method":"xpath","selector":"//table[@id='customers-grid']//tbody//tr//td[2]"}
  (Session info: chrome=96.0.4664.45)
  (Driver info: chromedriver=96.0.4664.45 (76e4c1bb2ab4671b8beba3444e61c0f17584b2fc-refs/branch-heads/4664@{#947}),platform=Windows NT 6.1.7601 SP1 x86_64) (WARNING: The server did not provide any stacktrace information)
Command duration or timeout: 0 milliseconds
For documentation on this error, please visit: https://www.seleniumhq.org/exceptions/no_such_element.html
Build info: version: '3.141.59', revision: 'e82be7d358', time: '2018-11-14T08:17:03'
System info: host: 'DESKTOP-M9IMSJT', ip: '192.168.1.162', os.name: 'Windows 10', os.arch: 'amd64', os.version: '10.0', java.version: '17.0.1'
Driver info: org.openqa.selenium.remote.RemoteWebDriver
Capabilities {acceptInsecureCerts: false, acceptSslCerts: false, applicationCacheEnabled: false, browserConnectionEnabled: false, browserName: chrome, chrome: {chromedriverVersion: 96.0.4664.45 (76e4c1bb2ab46..., userDataDir: C:\Users\ADMINI~1\AppData\L...}, cssSelectorsEnabled: true, databaseEnabled: false, goog:chromeOptions: {debuggerAddress: localhost:49217}, handlesAlerts: true, hasMetadata: true, hasTouchScreen: false, javascriptEnabled: true, locationContextEnabled: true, mobileEmulationEnabled: false, nativeEvents: true, networkConnectionEnabled: false, pageLoadStrategy: normal, platform: WINDOWS, platformName: WINDOWS, proxy: Proxy(), rotatable: false, setWindowRect: true, strictFileInteractability: false, takesHeapSnapshot: true, takesScreenshot: true, timeouts: {implicit: 0, pageLoad: 300000, script: 30000}, unexpectedAlertBehaviour: ignore, unhandledPromptBehavior: ignore, version: 96.0.4664.45, webStorageEnabled: true, webauthn:extension:credBlob: true, webauthn:extension:largeBlob: true, webauthn:virtualAuthenticators: true, webdriver.remote.sessionid: db079ea4bce3437fbf60fb6a049...}
Session ID: db079ea4bce3437fbf60fb6a0493f9ba
*** Element info: {Using=xpath, value=//table[@id='customers-grid']//tbody//tr//td[2]}
	at java.base/jdk.internal.reflect.NativeConstructorAccessorImpl.newInstance0(Native Method)
	at java.base/jdk.internal.reflect.NativeConstructorAccessorImpl.newInstance(NativeConstructorAccessorImpl.java:77)
	at java.base/jdk.internal.reflect.DelegatingConstructorAccessorImpl.newInstance(DelegatingConstructorAccessorImpl.java:45)
	at java.base/java.lang.reflect.Constructor.newInstanceWithCaller(Constructor.java:499)
	at java.base/java.lang.reflect.Constructor.newInstance(Constructor.java:480)
	at org.openqa.selenium.remote.ErrorHandler.createThrowable(ErrorHandler.java:214)
	at org.openqa.selenium.remote.ErrorHandler.throwIfResponseFailed(ErrorHandler.java:166)
	at org.openqa.selenium.remote.http.JsonHttpResponseCodec.reconstructValue(JsonHttpResponseCodec.java:40)
	at org.openqa.selenium.remote.http.AbstractHttpResponseCodec.decode(AbstractHttpResponseCodec.java:80)
	at org.openqa.selenium.remote.http.AbstractHttpResponseCodec.decode(AbstractHttpResponseCodec.java:44)
	at org.openqa.selenium.remote.HttpCommandExecutor.execute(HttpCommandExecutor.java:158)
	at org.openqa.selenium.remote.RemoteWebDriver.execute(RemoteWebDriver.java:552)
	at org.openqa.selenium.remote.RemoteWebDriver.findElement(RemoteWebDriver.java:323)
	at org.openqa.selenium.remote.RemoteWebDriver.findElementByXPath(RemoteWebDriver.java:428)
	at org.openqa.selenium.By$ByXPath.findElement(By.java:353)
	at org.openqa.selenium.remote.RemoteWebDriver.findElement(RemoteWebDriver.java:315)
	at org.openqa.selenium.support.pagefactory.DefaultElementLocator.findElement(DefaultElementLocator.java:69)
	at org.openqa.selenium.support.pagefactory.internal.LocatingElementHandler.invoke(LocatingElementHandler.java:38)
	at jdk.proxy2/jdk.proxy2.$Proxy22.getText(Unknown Source)
	at pageObjects.CustomerPage.verifySearchEmail(CustomerPage.java:47)
	at stepDefinitions.LoginSteps.user_should_found_email_in_search_table(LoginSteps.java:175)
	at âœ½.User should found email in Search table(file:///C:/Automation/WorkSpace/nopCommerceV001_Cucumber_TestNG/src/test/resources/Customers.feature:19)
&amp#27;[0m
  &amp#27;[36mAnd &amp#27;[0m&amp#27;[36mclose browser&amp#27;[0m                                                                        &amp#27;[90m# stepDefinitions.LoginSteps.close_browser()&amp#27;[0m
]]></system-out>
  </testcase>
</testsuite>